<?xml version="1.0" encoding="UTF-8"?>
<!-- Generated by org.testng.reporters.JUnitReportReporter -->
<testsuite hostname="Ganeshkumar" failures="0" tests="2" name="testCases.TC03_LoginPage" time="3.938" errors="0" timestamp="2024-10-17T13:12:24 IST" skipped="0">
  <testcase classname="testCases.TC03_LoginPage" name="Login_Page_Verification" time="2.129"/>
  <testcase classname="testCases.TC03_LoginPage" name="Login_Page_Verification" time="1.809"/>
</testsuite> <!-- testCases.TC03_LoginPage -->
