<?xml version="1.0" encoding="UTF-8"?>
<!-- Generated by org.testng.reporters.JUnitReportReporter -->
<testsuite hostname="Ganeshkumar" failures="0" tests="1" name="testCases.TC03_LoginPage" time="1.817" errors="0" timestamp="2024-10-17T17:50:13 IST" skipped="0">
  <testcase classname="testCases.TC03_LoginPage" name="Login_Page_Verification" time="1.817"/>
</testsuite> <!-- testCases.TC03_LoginPage -->
